# JRE version: OpenJDK Runtime Environment (11.0.10) (build 11.0.10+0-b96-7249189)
# Java VM: OpenJDK 64-Bit Server VM (11.0.10+0-b96-7249189, mixed mode, tiered, compressed oops, g1 gc, windows-amd64)
Heap:
 garbage-first heap   total 287744K, used 127037K [0x0000000080000000, 0x0000000100000000)
  region size 1024K, 12 young (12288K), 4 survivors (4096K)
 Metaspace       used 132035K, capacity 135899K, committed 138112K, reserved 1169408K
  class space    used 16159K, capacity 17623K, committed 17792K, reserved 1048576K
GC Heap History (20 events):
Event: 3765.242 GC heap before
{Heap before GC invocations=119 (full 0):
 garbage-first heap   total 287744K, used 156869K [0x0000000080000000, 0x0000000100000000)
  region size 1024K, 14 young (14336K), 3 survivors (3072K)
 Metaspace       used 131537K, capacity 135442K, committed 135680K, reserved 1167360K
  class space    used 16161K, capacity 17617K, committed 17664K, reserved 1048576K
}
Event: 3765.514 GC heap after
{Heap after GC invocations=120 (full 0):
 garbage-first heap   total 287744K, used 123486K [0x0000000080000000, 0x0000000100000000)
  region size 1024K, 1 young (1024K), 1 survivors (1024K)
 Metaspace       used 131537K, capacity 135442K, committed 135680K, reserved 1167360K
  class space    used 16161K, capacity 17617K, committed 17664K, reserved 1048576K
}
Event: 4219.145 GC heap before
{Heap before GC invocations=120 (full 0):
 garbage-first heap   total 287744K, used 136798K [0x0000000080000000, 0x0000000100000000)
  region size 1024K, 14 young (14336K), 1 survivors (1024K)
 Metaspace       used 131553K, capacity 135506K, committed 135680K, reserved 1167360K
  class space    used 16161K, capacity 17617K, committed 17664K, reserved 1048576K
}
Event: 4219.324 GC heap after
{Heap after GC invocations=121 (full 0):
 garbage-first heap   total 287744K, used 123891K [0x0000000080000000, 0x0000000100000000)
  region size 1024K, 2 young (2048K), 2 survivors (2048K)
 Metaspace       used 131553K, capacity 135506K, committed 135680K, reserved 1167360K
  class space    used 16161K, capacity 17617K, committed 17664K, reserved 1048576K
}
Event: 4221.853 GC heap before
{Heap before GC invocations=121 (full 0):
 garbage-first heap   total 287744K, used 189427K [0x0000000080000000, 0x0000000100000000)
  region size 1024K, 67 young (68608K), 2 survivors (2048K)
 Metaspace       used 131723K, capacity 135627K, committed 135680K, reserved 1167360K
  class space    used 16174K, capacity 17657K, committed 17664K, reserved 1048576K
}
Event: 4221.951 GC heap after
{Heap after GC invocations=122 (full 0):
 garbage-first heap   total 287744K, used 130599K [0x0000000080000000, 0x0000000100000000)
  region size 1024K, 8 young (8192K), 8 survivors (8192K)
 Metaspace       used 131723K, capacity 135627K, committed 135680K, reserved 1167360K
  class space    used 16174K, capacity 17657K, committed 17664K, reserved 1048576K
}
Event: 4223.905 GC heap before
{Heap before GC invocations=123 (full 0):
 garbage-first heap   total 287744K, used 225831K [0x0000000080000000, 0x0000000100000000)
  region size 1024K, 100 young (102400K), 8 survivors (8192K)
 Metaspace       used 133720K, capacity 137687K, committed 137856K, reserved 1169408K
  class space    used 16303K, capacity 17787K, committed 17792K, reserved 1048576K
}
Event: 4223.927 GC heap after
{Heap after GC invocations=124 (full 0):
 garbage-first heap   total 287744K, used 133431K [0x0000000080000000, 0x0000000100000000)
  region size 1024K, 4 young (4096K), 4 survivors (4096K)
 Metaspace       used 133720K, capacity 137687K, committed 137856K, reserved 1169408K
  class space    used 16303K, capacity 17787K, committed 17792K, reserved 1048576K
}
Event: 4281.609 GC heap before
{Heap before GC invocations=124 (full 0):
 garbage-first heap   total 287744K, used 159031K [0x0000000080000000, 0x0000000100000000)
  region size 1024K, 14 young (14336K), 4 survivors (4096K)
 Metaspace       used 133730K, capacity 137751K, committed 137856K, reserved 1169408K
  class space    used 16303K, capacity 17787K, committed 17792K, reserved 1048576K
}
Event: 4281.706 GC heap after
{Heap after GC invocations=125 (full 0):
 garbage-first heap   total 287744K, used 110939K [0x0000000080000000, 0x0000000100000000)
  region size 1024K, 1 young (1024K), 1 survivors (1024K)
 Metaspace       used 133730K, capacity 137751K, committed 137856K, reserved 1169408K
  class space    used 16303K, capacity 17787K, committed 17792K, reserved 1048576K
}
Event: 5001.611 GC heap before
{Heap before GC invocations=125 (full 0):
 garbage-first heap   total 287744K, used 124251K [0x0000000080000000, 0x0000000100000000)
  region size 1024K, 14 young (14336K), 1 survivors (1024K)
 Metaspace       used 133730K, capacity 137751K, committed 137856K, reserved 1169408K
  class space    used 16303K, capacity 17787K, committed 17792K, reserved 1048576K
}
Event: 5001.692 GC heap after
{Heap after GC invocations=126 (full 0):
 garbage-first heap   total 287744K, used 109990K [0x0000000080000000, 0x0000000100000000)
  region size 1024K, 1 young (1024K), 1 survivors (1024K)
 Metaspace       used 133730K, capacity 137751K, committed 137856K, reserved 1169408K
  class space    used 16303K, capacity 17787K, committed 17792K, reserved 1048576K
}
Event: 5629.570 GC heap before
{Heap before GC invocations=126 (full 0):
 garbage-first heap   total 287744K, used 169382K [0x0000000080000000, 0x0000000100000000)
  region size 1024K, 60 young (61440K), 1 survivors (1024K)
 Metaspace       used 133833K, capacity 137751K, committed 137856K, reserved 1169408K
  class space    used 16304K, capacity 17787K, committed 17792K, reserved 1048576K
}
Event: 5629.611 GC heap after
{Heap after GC invocations=127 (full 0):
 garbage-first heap   total 287744K, used 114727K [0x0000000080000000, 0x0000000100000000)
  region size 1024K, 5 young (5120K), 5 survivors (5120K)
 Metaspace       used 133833K, capacity 137751K, committed 137856K, reserved 1169408K
  class space    used 16304K, capacity 17787K, committed 17792K, reserved 1048576K
}
Event: 5633.843 GC heap before
{Heap before GC invocations=128 (full 0):
 garbage-first heap   total 287744K, used 233511K [0x0000000080000000, 0x0000000100000000)
  region size 1024K, 105 young (107520K), 5 survivors (5120K)
 Metaspace       used 131945K, capacity 135773K, committed 138112K, reserved 1169408K
  class space    used 16147K, capacity 17583K, committed 17792K, reserved 1048576K
}
Event: 5633.887 GC heap after
{Heap after GC invocations=129 (full 0):
 garbage-first heap   total 287744K, used 123023K [0x0000000080000000, 0x0000000100000000)
  region size 1024K, 13 young (13312K), 13 survivors (13312K)
 Metaspace       used 131945K, capacity 135773K, committed 138112K, reserved 1169408K
  class space    used 16147K, capacity 17583K, committed 17792K, reserved 1048576K
}
Event: 5633.893 GC heap before
{Heap before GC invocations=129 (full 0):
 garbage-first heap   total 287744K, used 124047K [0x0000000080000000, 0x0000000100000000)
  region size 1024K, 14 young (14336K), 13 survivors (13312K)
 Metaspace       used 131945K, capacity 135773K, committed 138112K, reserved 1169408K
  class space    used 16147K, capacity 17583K, committed 17792K, reserved 1048576K
}
Event: 5633.960 GC heap after
{Heap after GC invocations=130 (full 0):
 garbage-first heap   total 287744K, used 120696K [0x0000000080000000, 0x0000000100000000)
  region size 1024K, 1 young (1024K), 1 survivors (1024K)
 Metaspace       used 131945K, capacity 135773K, committed 138112K, reserved 1169408K
  class space    used 16147K, capacity 17583K, committed 17792K, reserved 1048576K
}
Event: 5634.851 GC heap before
{Heap before GC invocations=130 (full 0):
 garbage-first heap   total 287744K, used 146296K [0x0000000080000000, 0x0000000100000000)
  region size 1024K, 28 young (28672K), 1 survivors (1024K)
 Metaspace       used 132035K, capacity 135899K, committed 138112K, reserved 1169408K
  class space    used 16159K, capacity 17623K, committed 17792K, reserved 1048576K
}
Event: 5634.863 GC heap after
{Heap after GC invocations=131 (full 0):
 garbage-first heap   total 287744K, used 122941K [0x0000000080000000, 0x0000000100000000)
  region size 1024K, 4 young (4096K), 4 survivors (4096K)
 Metaspace       used 132035K, capacity 135899K, committed 138112K, reserved 1169408K
  class space    used 16159K, capacity 17623K, committed 17792K, reserved 1048576K
}

