# JRE version: OpenJDK Runtime Environment (11.0.10) (build 11.0.10+0-b96-7249189)
# Java VM: OpenJDK 64-Bit Server VM (11.0.10+0-b96-7249189, mixed mode, tiered, compressed oops, g1 gc, windows-amd64)
Heap:
 garbage-first heap   total 155648K, used 78737K [0x0000000080000000, 0x0000000100000000)
  region size 1024K, 10 young (10240K), 7 survivors (7168K)
 Metaspace       used 80552K, capacity 82671K, committed 82816K, reserved 1120256K
  class space    used 10519K, capacity 11329K, committed 11392K, reserved 1048576K
GC Heap History (20 events):
Event: 6.438 GC heap before
{Heap before GC invocations=9 (full 0):
 garbage-first heap   total 129024K, used 87311K [0x0000000080000000, 0x0000000100000000)
  region size 1024K, 67 young (68608K), 9 survivors (9216K)
 Metaspace       used 44148K, capacity 45131K, committed 45312K, reserved 1089536K
  class space    used 5657K, capacity 6036K, committed 6144K, reserved 1048576K
}
Event: 6.446 GC heap after
{Heap after GC invocations=10 (full 0):
 garbage-first heap   total 129024K, used 28584K [0x0000000080000000, 0x0000000100000000)
  region size 1024K, 3 young (3072K), 3 survivors (3072K)
 Metaspace       used 44148K, capacity 45131K, committed 45312K, reserved 1089536K
  class space    used 5657K, capacity 6036K, committed 6144K, reserved 1048576K
}
Event: 7.780 GC heap before
{Heap before GC invocations=10 (full 0):
 garbage-first heap   total 129024K, used 94120K [0x0000000080000000, 0x0000000100000000)
  region size 1024K, 63 young (64512K), 3 survivors (3072K)
 Metaspace       used 47196K, capacity 48422K, committed 48512K, reserved 1091584K
  class space    used 6018K, capacity 6442K, committed 6528K, reserved 1048576K
}
Event: 7.790 GC heap after
{Heap after GC invocations=11 (full 0):
 garbage-first heap   total 155648K, used 42284K [0x0000000080000000, 0x0000000100000000)
  region size 1024K, 8 young (8192K), 8 survivors (8192K)
 Metaspace       used 47196K, capacity 48422K, committed 48512K, reserved 1091584K
  class space    used 6018K, capacity 6442K, committed 6528K, reserved 1048576K
}
Event: 9.250 GC heap before
{Heap before GC invocations=11 (full 0):
 garbage-first heap   total 155648K, used 111916K [0x0000000080000000, 0x0000000100000000)
  region size 1024K, 74 young (75776K), 8 survivors (8192K)
 Metaspace       used 55897K, capacity 57331K, committed 57600K, reserved 1099776K
  class space    used 7066K, capacity 7601K, committed 7680K, reserved 1048576K
}
Event: 9.257 GC heap after
{Heap after GC invocations=12 (full 0):
 garbage-first heap   total 155648K, used 49270K [0x0000000080000000, 0x0000000100000000)
  region size 1024K, 5 young (5120K), 5 survivors (5120K)
 Metaspace       used 55897K, capacity 57331K, committed 57600K, reserved 1099776K
  class space    used 7066K, capacity 7601K, committed 7680K, reserved 1048576K
}
Event: 9.735 GC heap before
{Heap before GC invocations=12 (full 0):
 garbage-first heap   total 155648K, used 66678K [0x0000000080000000, 0x0000000100000000)
  region size 1024K, 23 young (23552K), 5 survivors (5120K)
 Metaspace       used 58639K, capacity 60081K, committed 60160K, reserved 1101824K
  class space    used 7426K, capacity 7986K, committed 8064K, reserved 1048576K
}
Event: 9.742 GC heap after
{Heap after GC invocations=13 (full 0):
 garbage-first heap   total 155648K, used 50678K [0x0000000080000000, 0x0000000100000000)
  region size 1024K, 6 young (6144K), 6 survivors (6144K)
 Metaspace       used 58639K, capacity 60081K, committed 60160K, reserved 1101824K
  class space    used 7426K, capacity 7986K, committed 8064K, reserved 1048576K
}
Event: 10.820 GC heap before
{Heap before GC invocations=14 (full 0):
 garbage-first heap   total 155648K, used 116214K [0x0000000080000000, 0x0000000100000000)
  region size 1024K, 70 young (71680K), 6 survivors (6144K)
 Metaspace       used 63539K, capacity 64981K, committed 65280K, reserved 1105920K
  class space    used 8064K, capacity 8601K, committed 8704K, reserved 1048576K
}
Event: 10.837 GC heap after
{Heap after GC invocations=15 (full 0):
 garbage-first heap   total 155648K, used 55555K [0x0000000080000000, 0x0000000100000000)
  region size 1024K, 7 young (7168K), 7 survivors (7168K)
 Metaspace       used 63539K, capacity 64981K, committed 65280K, reserved 1105920K
  class space    used 8064K, capacity 8601K, committed 8704K, reserved 1048576K
}
Event: 12.519 GC heap before
{Heap before GC invocations=16 (full 0):
 garbage-first heap   total 155648K, used 119043K [0x0000000080000000, 0x0000000100000000)
  region size 1024K, 69 young (70656K), 7 survivors (7168K)
 Metaspace       used 68783K, capacity 70440K, committed 70784K, reserved 1110016K
  class space    used 8892K, capacity 9475K, committed 9600K, reserved 1048576K
}
Event: 12.528 GC heap after
{Heap after GC invocations=17 (full 0):
 garbage-first heap   total 155648K, used 60394K [0x0000000080000000, 0x0000000100000000)
  region size 1024K, 5 young (5120K), 5 survivors (5120K)
 Metaspace       used 68783K, capacity 70440K, committed 70784K, reserved 1110016K
  class space    used 8892K, capacity 9475K, committed 9600K, reserved 1048576K
}
Event: 14.006 GC heap before
{Heap before GC invocations=17 (full 0):
 garbage-first heap   total 155648K, used 122858K [0x0000000080000000, 0x0000000100000000)
  region size 1024K, 66 young (67584K), 5 survivors (5120K)
 Metaspace       used 72668K, capacity 74331K, committed 74368K, reserved 1114112K
  class space    used 9487K, capacity 10099K, committed 10112K, reserved 1048576K
}
Event: 14.015 GC heap after
{Heap after GC invocations=18 (full 0):
 garbage-first heap   total 155648K, used 64782K [0x0000000080000000, 0x0000000100000000)
  region size 1024K, 5 young (5120K), 5 survivors (5120K)
 Metaspace       used 72668K, capacity 74331K, committed 74368K, reserved 1114112K
  class space    used 9487K, capacity 10099K, committed 10112K, reserved 1048576K
}
Event: 16.027 GC heap before
{Heap before GC invocations=18 (full 0):
 garbage-first heap   total 155648K, used 123150K [0x0000000080000000, 0x0000000100000000)
  region size 1024K, 63 young (64512K), 5 survivors (5120K)
 Metaspace       used 77896K, capacity 79849K, committed 80128K, reserved 1118208K
  class space    used 10198K, capacity 10910K, committed 11008K, reserved 1048576K
}
Event: 16.036 GC heap after
{Heap after GC invocations=19 (full 0):
 garbage-first heap   total 155648K, used 69428K [0x0000000080000000, 0x0000000100000000)
  region size 1024K, 8 young (8192K), 8 survivors (8192K)
 Metaspace       used 77896K, capacity 79849K, committed 80128K, reserved 1118208K
  class space    used 10198K, capacity 10910K, committed 11008K, reserved 1048576K
}
Event: 17.394 GC heap before
{Heap before GC invocations=19 (full 0):
 garbage-first heap   total 155648K, used 124724K [0x0000000080000000, 0x0000000100000000)
  region size 1024K, 63 young (64512K), 8 survivors (8192K)
 Metaspace       used 80029K, capacity 82141K, committed 82304K, reserved 1120256K
  class space    used 10493K, capacity 11275K, committed 11392K, reserved 1048576K
}
Event: 17.406 GC heap after
{Heap after GC invocations=20 (full 0):
 garbage-first heap   total 155648K, used 74381K [0x0000000080000000, 0x0000000100000000)
  region size 1024K, 5 young (5120K), 5 survivors (5120K)
 Metaspace       used 80029K, capacity 82141K, committed 82304K, reserved 1120256K
  class space    used 10493K, capacity 11275K, committed 11392K, reserved 1048576K
}
Event: 18.587 GC heap before
{Heap before GC invocations=20 (full 0):
 garbage-first heap   total 155648K, used 126605K [0x0000000080000000, 0x0000000100000000)
  region size 1024K, 57 young (58368K), 5 survivors (5120K)
 Metaspace       used 80476K, capacity 82548K, committed 82816K, reserved 1120256K
  class space    used 10504K, capacity 11288K, committed 11392K, reserved 1048576K
}
Event: 18.596 GC heap after
{Heap after GC invocations=21 (full 0):
 garbage-first heap   total 155648K, used 76689K [0x0000000080000000, 0x0000000100000000)
  region size 1024K, 7 young (7168K), 7 survivors (7168K)
 Metaspace       used 80476K, capacity 82548K, committed 82816K, reserved 1120256K
  class space    used 10504K, capacity 11288K, committed 11392K, reserved 1048576K
}

